<?xml version="1.0" encoding="UTF-8"?>
<!-- Generated by org.testng.reporters.JUnitXMLReporter -->
<testsuite ignored="1" hostname="Harinder" failures="0" tests="5" name="Default test" time="36.368" errors="0" timestamp="2023-01-11T19:09:51 GMT-07:00">
  <testcase classname="com.naveenautomation.Tests.AccountLoginTest" name="verifyEditAccountFieldsArePreFilled" time="2.487"/>
  <testcase classname="com.naveenautomation.Tests.AccountLoginTest" name="verifyEditAccountFieldsArePreFilled" time="2.457"/>
  <testcase classname="com.naveenautomation.Tests.AccountLoginTest" name="verifyEditAccountFieldsArePreFilled" time="2.434"/>
  <testcase classname="com.naveenautomation.Tests.AccountLoginTest" name="verifyEditAccountFieldsArePreFilled" time="2.374"/>
  <testcase classname="com.naveenautomation.Tests.AccountLoginTest" name="verifyEditAccountFieldsArePreFilled" time="2.213"/>
  <testcase classname="com.naveenautomation.Tests.AccountLoginTest" name="verifyLoginCredentials" time="0.0">
    <ignored/>
  </testcase> <!-- verifyLoginCredentials -->
</testsuite> <!-- Default test -->
