<?xml version="1.0" encoding="UTF-8"?>
<testng-results ignored="3" total="4" passed="0" failed="1" skipped="0">
  <reporter-output>
  </reporter-output>
  <suite started-at="2024-02-02T23:35:27 MST" name="Default suite" finished-at="2024-02-02T23:35:37 MST" duration-ms="10062">
    <groups>
    </groups>
    <test started-at="2024-02-02T23:35:27 MST" name="Default test" finished-at="2024-02-02T23:35:37 MST" duration-ms="10062">
      <class name="com.naveenautomation.Tests.MyWishListTest">
        <test-method is-config="true" signature="setUp()[pri:0, instance:com.naveenautomation.Tests.MyWishListTest@19e4653c]" started-at="2024-02-02T23:35:27 MST" name="setUp" finished-at="2024-02-02T23:35:36 MST" duration-ms="9420" status="PASS">
          <reporter-output>
          </reporter-output>
        </test-method> <!-- setUp -->
        <test-method signature="verifyModifyBannerAfterDelete()[pri:3, instance:com.naveenautomation.Tests.MyWishListTest@19e4653c]" started-at="2024-02-02T23:35:36 MST" name="verifyModifyBannerAfterDelete" finished-at="2024-02-02T23:35:37 MST" duration-ms="248" status="FAIL">
          <exception class="java.lang.NullPointerException">
            <message>
              <![CDATA[Cannot invoke "org.openqa.selenium.WebElement.findElement(org.openqa.selenium.By)" because the return value of "com.naveenautomation.Pages.MyWishListPage.getElementFromTheTable(String, com.naveenautomation.Pages.MyWishListPage$WishList)" is null]]>
            </message>
            <full-stacktrace>
              <![CDATA[java.lang.NullPointerException: Cannot invoke "org.openqa.selenium.WebElement.findElement(org.openqa.selenium.By)" because the return value of "com.naveenautomation.Pages.MyWishListPage.getElementFromTheTable(String, com.naveenautomation.Pages.MyWishListPage$WishList)" is null
at com.naveenautomation.Pages.MyWishListPage.deleteProductInWishList(MyWishListPage.java:86)
at com.naveenautomation.Tests.MyWishListTest.verifyModifyBannerAfterDelete(MyWishListTest.java:69)
at java.base/jdk.internal.reflect.NativeMethodAccessorImpl.invoke0(Native Method)
at java.base/jdk.internal.reflect.NativeMethodAccessorImpl.invoke(NativeMethodAccessorImpl.java:77)
at java.base/jdk.internal.reflect.DelegatingMethodAccessorImpl.invoke(DelegatingMethodAccessorImpl.java:43)
at java.base/java.lang.reflect.Method.invoke(Method.java:568)
at org.testng.internal.MethodInvocationHelper.invokeMethod(MethodInvocationHelper.java:132)
at org.testng.internal.TestInvoker.invokeMethod(TestInvoker.java:599)
at org.testng.internal.TestInvoker.invokeTestMethod(TestInvoker.java:174)
at org.testng.internal.MethodRunner.runInSequence(MethodRunner.java:46)
at org.testng.internal.TestInvoker$MethodInvocationAgent.invoke(TestInvoker.java:822)
at org.testng.internal.TestInvoker.invokeTestMethods(TestInvoker.java:147)
at org.testng.internal.TestMethodWorker.invokeTestMethods(TestMethodWorker.java:146)
at org.testng.internal.TestMethodWorker.run(TestMethodWorker.java:128)
at java.base/java.util.ArrayList.forEach(ArrayList.java:1511)
at org.testng.TestRunner.privateRun(TestRunner.java:764)
at org.testng.TestRunner.run(TestRunner.java:585)
at org.testng.SuiteRunner.runTest(SuiteRunner.java:384)
at org.testng.SuiteRunner.runSequentially(SuiteRunner.java:378)
at org.testng.SuiteRunner.privateRun(SuiteRunner.java:337)
at org.testng.SuiteRunner.run(SuiteRunner.java:286)
at org.testng.SuiteRunnerWorker.runSuite(SuiteRunnerWorker.java:53)
at org.testng.SuiteRunnerWorker.run(SuiteRunnerWorker.java:96)
at org.testng.TestNG.runSuitesSequentially(TestNG.java:1218)
at org.testng.TestNG.runSuitesLocally(TestNG.java:1140)
at org.testng.TestNG.runSuites(TestNG.java:1069)
at org.testng.TestNG.run(TestNG.java:1037)
at org.testng.remote.AbstractRemoteTestNG.run(AbstractRemoteTestNG.java:115)
at org.testng.remote.RemoteTestNG.initAndRun(RemoteTestNG.java:251)
at org.testng.remote.RemoteTestNG.main(RemoteTestNG.java:77)
]]>
            </full-stacktrace>
          </exception> <!-- java.lang.NullPointerException -->
          <reporter-output>
          </reporter-output>
        </test-method> <!-- verifyModifyBannerAfterDelete -->
        <test-method is-config="true" signature="teardown()[pri:0, instance:com.naveenautomation.Tests.MyWishListTest@19e4653c]" started-at="2024-02-02T23:35:37 MST" name="teardown" finished-at="2024-02-02T23:35:37 MST" duration-ms="338" status="PASS">
          <reporter-output>
          </reporter-output>
        </test-method> <!-- teardown -->
      </class> <!-- com.naveenautomation.Tests.MyWishListTest -->
    </test> <!-- Default test -->
  </suite> <!-- Default suite -->
</testng-results>
